
2016-08-12 19:12:23

Operating System
  Name                        = Ubuntu 16.04.1 LTS
  Version                     = 16.04
  Architecture                = 64bit
  # CPUs                      = 4
  Memory                      = 3806269440

Node.js
  Node.js Version             = 4.4.7
  npm Version                 = 2.15.8

Titanium CLI
  CLI Version                 = 5.0.9

Titanium SDK
  SDK Version                 = 5.3.1.GA
  SDK Path                    = /home/hector/.titanium/mobilesdk/linux/5.3.1.GA
  Target Platform             = android

Command
  /usr/bin/nodejs /home/hector/.appcelerator/install/5.4.0/package/node_modules/titanium/lib/titanium.js build run --platform android --log-level trace --sdk 5.3.1.GA --project-dir /home/hector/Escritorio/Appcelerator_Studio_Workspace/RSS Test --target device --android-sdk /home/hector/android-sdk-linux --device-id ZY222V6CL3 --skip-js-minify --no-colors --no-progress-bars --no-prompt --prompt-type socket-bundle --prompt-port 42988 --config-file /tmp/build-1471047140529.json --no-banner --project-dir /home/hector/Escritorio/Appcelerator_Studio_Workspace/RSS Test

[DEBUG]  Detecting modules in /home/hector/.titanium/modules
[DEBUG]  Detected android module: facebook 5.0.0 @ /home/hector/.titanium/modules/android/facebook/5.0.0
[DEBUG]  Detected android module: ti.cloudpush 3.4.1 @ /home/hector/.titanium/modules/android/ti.cloudpush/3.4.1
[DEBUG]  Detected android module: ti.map 2.3.6 @ /home/hector/.titanium/modules/android/ti.map/2.3.6
[DEBUG]  Detected commonjs module: ti.cloud 3.2.10 @ /home/hector/.titanium/modules/commonjs/ti.cloud/3.2.10
[DEBUG]  No project level plugins to load
[TRACE]  Snapshotting build directory
[DEBUG]  Titanium SDK Android directory: /home/hector/.titanium/mobilesdk/linux/5.3.1.GA/android
[INFO]   Deploy type: test
[INFO]   Building for target: device
[INFO]   Building for device: ZY222V6CL3
[INFO]   Targeting Android SDK API: 23
[INFO]   Building for the following architectures: armeabi, armeabi-v7a, x86
[INFO]   Signing with keystore: /home/hector/.titanium/mobilesdk/linux/5.3.1.GA/android/dev_keystore (tidev)
[DEBUG]  App ID: mx.uam.izt.rsstest
[DEBUG]  Classname: RssTest
[INFO]   Debugging disabled
[INFO]   Profiler disabled
[INFO]   Forcing rebuild: JavaScript files need to be re-encrypted
[TRACE]  offline build file /tmp/build-e3eedbc4d2de05482680bf99d293b477dea104fa.json
[TRACE]  online 1
[TRACE]  sending request {"json":{"username":"junko.purul@gmail.com","session":"296aff40ed0a045bb278d665be94d0332a7cd652 FruQ64NYeJgkhIlk8NiEjtNvkrSpPu5CFnh1CZWGzAu5mPxdVKMJKJ2mFvLNCIMo7AHv6motOgwIQrkd8iO5bRICxpCs7aWX2SJbZzwVuEAuEO0fXw2amLzb6f3W/LWCWmr18yeg+lEKwsQYcKHupKKFhGD72EwXoXRhMSDpNTvaPU7zSXUcAIsMBt3ab2H6CixVNBW1CFm9y3xQA36HMpTtjs9RaI1pjF5oHR/bboHJm38XwfLfEl8RVAfJ5BuNdF2tW7GxU8jXw3U8p6vOTWVwrmMXB4OkI8pqkAiftxfkmLDkc/hU+fptsDXoNQuXkbmiRfzxBPOc+S1b2wu8ysJzf9tbNWdALeC92u0o3RyrbG0myy2kFT2iU+ewuJaE2dRr1WXyzxG6asa8E06+agWiznRTL2X7tMgDawizoJyFjcJmBcEHn5WyZLU9tnYvxw/hxbbNPcUpZZetnbNnWZOSamPmIUVsWzVjUhQ3u1yNdsr4g+XUEkGQF+Zf2YwKrpofR9VPH2T9bXPhacVsg59u6BtD5S5GkCPKPxoOsfTpS/eEncotLWV/vQjz4bmB6xebYSKCbitm/46sadvarOlM/DVXAULbw1kMTDr19hfw+XZ4AXTZE1uBfWHmzkf6AEozNDA/6b/F50AdbxcQ3e+WdDYSJG18k54GHaKBRC60bh5mJboZ+lQzXExLE2IYysuQRUY6ExPUwKTU1Z7uij6xxgpEY6vsrMO4HBT8fZ2E79NBuKmvaQTny2MveXI5OGKO0rLL8swkC+AHgi096bO0ytyp5tnxlbbBkQsO7IUMCaJqqI73avHpvePJFw2E","ipaddress":"192.168.1.113","fingerprint":"da39a3ee5e6b4b0d3255bfef95601890afd80709","fingerprint_description":"Linux with Mac Address:","guid":"3c567d48-2377-4317-9111-dc9396b31555","appid":"mx.uam.izt.rsstest","name":"RSS Test","org_id":100132631,"deploytype":"test","tiappxml":"<?xml version=\"1.0\" encoding=\"UTF-8\"?>\n<ti:app \n  xmlns:ti=\"http://ti.appcelerator.org\">\n  <id>mx.uam.izt.rsstest</id>\n  <name>RSS Test</name>\n  <version>1.0</version>\n  <publisher>hector</publisher>\n  <url>http://izt.uam.mx</url>\n  <description/>\n  <copyright>2016 by hector</copyright>\n  <icon>appicon.png</icon>\n  <fullscreen>false</fullscreen>\n  <navbar-hidden>false</navbar-hidden>\n  <analytics>true</analytics>\n  <guid>3c567d48-2377-4317-9111-dc9396b31555</guid>\n  <property name=\"ti.ui.defaultunit\" type=\"string\">dp</property>\n  <ios>\n    <enable-launch-screen-storyboard>true</enable-launch-screen-storyboard>\n    <plist>\n      <dict>\n        <key>UISupportedInterfaceOrientations~iphone</key>\n        <array>\n          <string>UIInterfaceOrientationPortrait</string>\n        </array>\n        <key>UISupportedInterfaceOrientations~ipad</key>\n        <array>\n          <string>UIInterfaceOrientationPortrait</string>\n          <string>UIInterfaceOrientationPortraitUpsideDown</string>\n          <string>UIInterfaceOrientationLandscapeLeft</string>\n          <string>UIInterfaceOrientationLandscapeRight</string>\n        </array>\n        <key>UIRequiresPersistentWiFi</key>\n        <false/>\n        <key>UIPrerenderedIcon</key>\n        <false/>\n        <key>UIStatusBarHidden</key>\n        <false/>\n        <key>UIStatusBarStyle</key>\n        <string>UIStatusBarStyleDefault</string>\n      </dict>\n    </plist>\n  </ios>\n  <android \n    xmlns:android=\"http://schemas.android.com/apk/res/android\"/>\n    <mobileweb>\n      <precache/>\n      <splash>\n        <enabled>true</enabled>\n        <inline-css-images>true</inline-css-images>\n      </splash>\n      <theme>default</theme>\n    </mobileweb>\n    <modules/>\n    <deployment-targets>\n      <target device=\"iphone\">false</target>\n      <target device=\"ipad\">false</target>\n      <target device=\"android\">true</target>\n      <target device=\"mobileweb\">true</target>\n      <target device=\"windows\">false</target>\n    </deployment-targets>\n    <sdk-version>5.3.1.GA</sdk-version>\n    <property name=\"appc-app-id\" type=\"string\">57ae4f1dd32120422996ff2f</property>\n  </ti:app>","modules":[]},"gzip":true,"followAllRedirects":true,"url":"https://security.appcelerator.com/build-verify"}
[TRACE]  result from /build-verify=> {"key":"wP0ECxrywRBMpmyB1bEqYg==","pepper":"QL0m8z3U6vSOHvmXWyuWgg==","hmacKey":"yGsf9UeQG1vmFuf0DKaEWQ==","o":100132631,"u":"17582514-4e8e-4e69-9944-9c8fc8f5f70a","p":"free","i":"57ae65e878a55a09235605f1","success":true}, err=null
[INFO]   JavaScript files need to be encrypted
[DEBUG]  Copying /home/hector/Escritorio/Appcelerator_Studio_Workspace/RSS Test/Resources
[WARN]   Overwriting file /home/hector/Escritorio/Appcelerator_Studio_Workspace/RSS Test/build/android/bin/assets/Resources/KS_nav_ui.png
[DEBUG]  Symlinking /home/hector/Escritorio/Appcelerator_Studio_Workspace/RSS Test/Resources/KS_nav_ui.png => /home/hector/Escritorio/Appcelerator_Studio_Workspace/RSS Test/build/android/bin/assets/Resources/KS_nav_ui.png
[WARN]   Overwriting file /home/hector/Escritorio/Appcelerator_Studio_Workspace/RSS Test/build/android/bin/assets/Resources/KS_nav_views.png
[DEBUG]  Symlinking /home/hector/Escritorio/Appcelerator_Studio_Workspace/RSS Test/Resources/KS_nav_views.png => /home/hector/Escritorio/Appcelerator_Studio_Workspace/RSS Test/build/android/bin/assets/Resources/KS_nav_views.png
[DEBUG]  Ignoring /home/hector/Escritorio/Appcelerator_Studio_Workspace/RSS Test/Resources/android
[DEBUG]  Ignoring /home/hector/Escritorio/Appcelerator_Studio_Workspace/RSS Test/Resources/mobileweb
[DEBUG]  Copying /home/hector/Escritorio/Appcelerator_Studio_Workspace/RSS Test/Resources/android
[WARN]   Overwriting file /home/hector/Escritorio/Appcelerator_Studio_Workspace/RSS Test/build/android/bin/assets/Resources/appicon.png
[DEBUG]  Symlinking /home/hector/Escritorio/Appcelerator_Studio_Workspace/RSS Test/Resources/android/appicon.png => /home/hector/Escritorio/Appcelerator_Studio_Workspace/RSS Test/build/android/bin/assets/Resources/appicon.png
[DEBUG]  Symlinking /home/hector/Escritorio/Appcelerator_Studio_Workspace/RSS Test/Resources/android/default.png => /home/hector/Escritorio/Appcelerator_Studio_Workspace/RSS Test/build/android/res/drawable/background.png
[DEBUG]  Symlinking /home/hector/Escritorio/Appcelerator_Studio_Workspace/RSS Test/Resources/android/images/res-long-land-hdpi/default.png => /home/hector/Escritorio/Appcelerator_Studio_Workspace/RSS Test/build/android/res/drawable-long-land-hdpi/background.png
[DEBUG]  Symlinking /home/hector/Escritorio/Appcelerator_Studio_Workspace/RSS Test/Resources/android/images/res-long-land-ldpi/default.png => /home/hector/Escritorio/Appcelerator_Studio_Workspace/RSS Test/build/android/res/drawable-long-land-ldpi/background.png
[DEBUG]  Symlinking /home/hector/Escritorio/Appcelerator_Studio_Workspace/RSS Test/Resources/android/images/res-long-port-hdpi/default.png => /home/hector/Escritorio/Appcelerator_Studio_Workspace/RSS Test/build/android/res/drawable-long-port-hdpi/background.png
[DEBUG]  Symlinking /home/hector/Escritorio/Appcelerator_Studio_Workspace/RSS Test/Resources/android/images/res-long-port-ldpi/default.png => /home/hector/Escritorio/Appcelerator_Studio_Workspace/RSS Test/build/android/res/drawable-long-port-ldpi/background.png
[DEBUG]  Symlinking /home/hector/Escritorio/Appcelerator_Studio_Workspace/RSS Test/Resources/android/images/res-notlong-land-hdpi/default.png => /home/hector/Escritorio/Appcelerator_Studio_Workspace/RSS Test/build/android/res/drawable-notlong-land-hdpi/background.png
[DEBUG]  Symlinking /home/hector/Escritorio/Appcelerator_Studio_Workspace/RSS Test/Resources/android/images/res-notlong-land-ldpi/default.png => /home/hector/Escritorio/Appcelerator_Studio_Workspace/RSS Test/build/android/res/drawable-notlong-land-ldpi/background.png
[DEBUG]  Symlinking /home/hector/Escritorio/Appcelerator_Studio_Workspace/RSS Test/Resources/android/images/res-notlong-land-mdpi/default.png => /home/hector/Escritorio/Appcelerator_Studio_Workspace/RSS Test/build/android/res/drawable-notlong-land-mdpi/background.png
[DEBUG]  Symlinking /home/hector/Escritorio/Appcelerator_Studio_Workspace/RSS Test/Resources/android/images/res-notlong-port-hdpi/default.png => /home/hector/Escritorio/Appcelerator_Studio_Workspace/RSS Test/build/android/res/drawable-notlong-port-hdpi/background.png
[DEBUG]  Symlinking /home/hector/Escritorio/Appcelerator_Studio_Workspace/RSS Test/Resources/android/images/res-notlong-port-ldpi/default.png => /home/hector/Escritorio/Appcelerator_Studio_Workspace/RSS Test/build/android/res/drawable-notlong-port-ldpi/background.png
[DEBUG]  Symlinking /home/hector/Escritorio/Appcelerator_Studio_Workspace/RSS Test/Resources/android/images/res-notlong-port-mdpi/default.png => /home/hector/Escritorio/Appcelerator_Studio_Workspace/RSS Test/build/android/res/drawable-notlong-port-mdpi/background.png
[DEBUG]  Symlinking /home/hector/Escritorio/Appcelerator_Studio_Workspace/RSS Test/build/android/bin/assets/Resources/appicon.png => /home/hector/Escritorio/Appcelerator_Studio_Workspace/RSS Test/build/android/res/drawable/appicon.png
[INFO]   Processing JavaScript files
[DEBUG]  Symlinking /home/hector/Escritorio/Appcelerator_Studio_Workspace/RSS Test/Resources/app.js => /home/hector/Escritorio/Appcelerator_Studio_Workspace/RSS Test/build/android/assets/app.js
[INFO]   Encrypting JavaScript files: /home/hector/.titanium/mobilesdk/linux/5.3.1.GA/android/titanium_prep.linux64 "mx.uam.izt.rsstest" "/home/hector/Escritorio/Appcelerator_Studio_Workspace/RSS Test/build/android/assets" "app.js" "_app_props_.json"
[DEBUG]  Adding library /home/hector/.titanium/mobilesdk/linux/5.3.1.GA/android/kroll-v8.jar
[DEBUG]  Adding library /home/hector/.titanium/mobilesdk/linux/5.3.1.GA/android/modules/titanium-analytics.jar
[DEBUG]  Adding dependency library /home/hector/.titanium/mobilesdk/linux/5.3.1.GA/android/aps-analytics.jar
[DEBUG]  Adding library /home/hector/.titanium/mobilesdk/linux/5.3.1.GA/android/modules/titanium-android.jar
[DEBUG]  Adding dependency library /home/hector/.titanium/mobilesdk/linux/5.3.1.GA/android/jaxen-1.1.1.jar
[DEBUG]  Adding dependency library /home/hector/.titanium/mobilesdk/linux/5.3.1.GA/android/ti-commons-codec-1.3.jar
[DEBUG]  Adding dependency library /home/hector/.titanium/mobilesdk/linux/5.3.1.GA/android/kroll-common.jar
[DEBUG]  Adding dependency library /home/hector/.titanium/mobilesdk/linux/5.3.1.GA/android/titanium.jar
[DEBUG]  Adding library /home/hector/.titanium/mobilesdk/linux/5.3.1.GA/android/modules/titanium-app.jar
[DEBUG]  Adding library /home/hector/.titanium/mobilesdk/linux/5.3.1.GA/android/modules/titanium-ui.jar
[DEBUG]  Adding dependency library /home/hector/.titanium/mobilesdk/linux/5.3.1.GA/android/nineoldandroids-appc-2.4.0.jar
[DEBUG]  Adding library /home/hector/.titanium/mobilesdk/linux/5.3.1.GA/android/modules/titanium-filesystem.jar
[DEBUG]  Adding library /home/hector/.titanium/mobilesdk/linux/5.3.1.GA/android/modules/titanium-media.jar
[DEBUG]  Adding library /home/hector/.titanium/mobilesdk/linux/5.3.1.GA/android/modules/titanium-appcompat.jar
[DEBUG]  Adding dependency library /home/hector/.titanium/mobilesdk/linux/5.3.1.GA/android/android-support-v4.jar
[DEBUG]  Adding dependency library /home/hector/.titanium/mobilesdk/linux/5.3.1.GA/android/android-support-v7-appcompat.jar
[DEBUG]  Adding library /home/hector/.titanium/mobilesdk/linux/5.3.1.GA/android/modules/titanium-cardview.jar
[DEBUG]  Adding dependency library /home/hector/.titanium/mobilesdk/linux/5.3.1.GA/android/cardview-v7-23.0.1.jar
[DEBUG]  Adding library /home/hector/.titanium/mobilesdk/linux/5.3.1.GA/android/modules/titanium-locale.jar
[DEBUG]  Adding library /home/hector/.titanium/mobilesdk/linux/5.3.1.GA/android/modules/titanium-network.jar
[DEBUG]  Adding library /home/hector/.titanium/mobilesdk/linux/5.3.1.GA/android/modules/titanium-xml.jar
[INFO]   Writing /home/hector/Escritorio/Appcelerator_Studio_Workspace/RSS Test/build/android/bin/assets/app.json
[INFO]   Extracting module resources: /home/hector/.titanium/mobilesdk/linux/5.3.1.GA/android/modules/titanium-analytics.res.zip
[DEBUG]  Copying /tmp/116712-22916-1f3mbl3/res/values/strings.xml => /home/hector/Escritorio/Appcelerator_Studio_Workspace/RSS Test/build/android/res/values/strings.xml
[INFO]   Extracting module resources: /home/hector/.titanium/mobilesdk/linux/5.3.1.GA/android/modules/titanium-android.res.zip
[DEBUG]  Merging /tmp/116712-22916-1s58bu1/res/values/strings.xml => /home/hector/Escritorio/Appcelerator_Studio_Workspace/RSS Test/build/android/res/values/strings.xml
[INFO]   Extracting module resources: /home/hector/.titanium/mobilesdk/linux/5.3.1.GA/android/modules/titanium-app.res.zip
[DEBUG]  Merging /tmp/116712-22916-rfhy5a/res/values/strings.xml => /home/hector/Escritorio/Appcelerator_Studio_Workspace/RSS Test/build/android/res/values/strings.xml
[INFO]   Extracting module resources: /home/hector/.titanium/mobilesdk/linux/5.3.1.GA/android/modules/titanium-filesystem.res.zip
[DEBUG]  Merging /tmp/116712-22916-1qqt09c/res/values/strings.xml => /home/hector/Escritorio/Appcelerator_Studio_Workspace/RSS Test/build/android/res/values/strings.xml
[INFO]   Extracting module resources: /home/hector/.titanium/mobilesdk/linux/5.3.1.GA/android/modules/titanium-media.res.zip
[DEBUG]  Merging /tmp/116712-22916-14gf2tp/res/values/strings.xml => /home/hector/Escritorio/Appcelerator_Studio_Workspace/RSS Test/build/android/res/values/strings.xml
[INFO]   Extracting module resources: /home/hector/.titanium/mobilesdk/linux/5.3.1.GA/android/modules/titanium-locale.res.zip
[DEBUG]  Merging /tmp/116712-22916-fqn6yx/res/values/strings.xml => /home/hector/Escritorio/Appcelerator_Studio_Workspace/RSS Test/build/android/res/values/strings.xml
[INFO]   Extracting module resources: /home/hector/.titanium/mobilesdk/linux/5.3.1.GA/android/modules/titanium-network.res.zip
[DEBUG]  Merging /tmp/116712-22916-rr8kl8/res/values/strings.xml => /home/hector/Escritorio/Appcelerator_Studio_Workspace/RSS Test/build/android/res/values/strings.xml
[INFO]   Extracting module resources: /home/hector/.titanium/mobilesdk/linux/5.3.1.GA/android/modules/titanium-xml.res.zip
[DEBUG]  Merging /tmp/116712-22916-zxa1yy/res/values/strings.xml => /home/hector/Escritorio/Appcelerator_Studio_Workspace/RSS Test/build/android/res/values/strings.xml
[DEBUG]  Removing old file: /home/hector/Escritorio/Appcelerator_Studio_Workspace/RSS Test/build/android/.classpath
[DEBUG]  Removing old file: /home/hector/Escritorio/Appcelerator_Studio_Workspace/RSS Test/build/android/.gitignore
[DEBUG]  Removing old file: /home/hector/Escritorio/Appcelerator_Studio_Workspace/RSS Test/build/android/.project
[DEBUG]  Removing old file: /home/hector/Escritorio/Appcelerator_Studio_Workspace/RSS Test/build/android/AndroidManifest.xml
[DEBUG]  Removing old file: /home/hector/Escritorio/Appcelerator_Studio_Workspace/RSS Test/build/android/default.properties
[DEBUG]  Removing old file: /home/hector/Escritorio/Appcelerator_Studio_Workspace/RSS Test/build/android/java-sources.txt
[DEBUG]  Copying template /home/hector/.titanium/mobilesdk/linux/5.3.1.GA/android/templates/build/AppInfo.java => /home/hector/Escritorio/Appcelerator_Studio_Workspace/RSS Test/build/android/gen/mx/uam/izt/rsstest/RssTestAppInfo.java
[DEBUG]  Copying template /home/hector/.titanium/mobilesdk/linux/5.3.1.GA/android/templates/build/App.java => /home/hector/Escritorio/Appcelerator_Studio_Workspace/RSS Test/build/android/gen/mx/uam/izt/rsstest/RssTestApplication.java
[DEBUG]  Copying template /home/hector/.titanium/mobilesdk/linux/5.3.1.GA/android/templates/build/Activity.java => /home/hector/Escritorio/Appcelerator_Studio_Workspace/RSS Test/build/android/gen/mx/uam/izt/rsstest/RssTestActivity.java
[DEBUG]  Copying template /home/hector/.titanium/mobilesdk/linux/5.3.1.GA/android/templates/build/project => /home/hector/Escritorio/Appcelerator_Studio_Workspace/RSS Test/build/android/.project
[DEBUG]  Copying template /home/hector/.titanium/mobilesdk/linux/5.3.1.GA/android/templates/build/default.properties => /home/hector/Escritorio/Appcelerator_Studio_Workspace/RSS Test/build/android/default.properties
[DEBUG]  Copying /home/hector/.titanium/mobilesdk/linux/5.3.1.GA/android/templates/build/gitignore => /home/hector/Escritorio/Appcelerator_Studio_Workspace/RSS Test/build/android/.gitignore
[DEBUG]  Copying /home/hector/.titanium/mobilesdk/linux/5.3.1.GA/android/templates/build/classpath => /home/hector/Escritorio/Appcelerator_Studio_Workspace/RSS Test/build/android/.classpath
[INFO]   No aidl files to compile, continuing
[INFO]   Generating i18n files
[DEBUG]  Merging en strings => /home/hector/Escritorio/Appcelerator_Studio_Workspace/RSS Test/build/android/res/values/strings.xml
[INFO]   Generating /home/hector/Escritorio/Appcelerator_Studio_Workspace/RSS Test/build/android/res/values/theme.xml
[INFO]   Packaging application: /home/hector/android-sdk-linux/build-tools/23.0.1/aapt "package" "-f" "-m" "-J" "/home/hector/Escritorio/Appcelerator_Studio_Workspace/RSS Test/build/android/gen" "-M" "/home/hector/Escritorio/Appcelerator_Studio_Workspace/RSS Test/build/android/AndroidManifest.xml" "-A" "/home/hector/Escritorio/Appcelerator_Studio_Workspace/RSS Test/build/android/bin/assets" "-S" "/home/hector/Escritorio/Appcelerator_Studio_Workspace/RSS Test/build/android/res" "-I" "/home/hector/android-sdk-linux/platforms/android-23/android.jar" "-F" "/home/hector/Escritorio/Appcelerator_Studio_Workspace/RSS Test/build/android/bin/app.ap_" "--auto-add-overlay" "--extra-packages" "ti.modules.titanium.ui:android.support.v7.appcompat:android.support.v7.cardview" "-S" "/tmp/116712-22916-1moqt17/res" "-S" "/tmp/116712-22916-1nwnt4y/res" "-S" "/tmp/116712-22916-v1i0v5/res"
[INFO]   Building Java source files: /usr/lib/jvm/java-7-oracle/bin/javac "-J-Xmx1024M" "-encoding" "utf8" "-bootclasspath" "/home/hector/android-sdk-linux/platforms/android-23/android.jar:/home/hector/.titanium/mobilesdk/linux/5.3.1.GA/android/kroll-v8.jar:/home/hector/.titanium/mobilesdk/linux/5.3.1.GA/android/modules/titanium-analytics.jar:/home/hector/.titanium/mobilesdk/linux/5.3.1.GA/android/aps-analytics.jar:/home/hector/.titanium/mobilesdk/linux/5.3.1.GA/android/modules/titanium-android.jar:/home/hector/.titanium/mobilesdk/linux/5.3.1.GA/android/jaxen-1.1.1.jar:/home/hector/.titanium/mobilesdk/linux/5.3.1.GA/android/ti-commons-codec-1.3.jar:/home/hector/.titanium/mobilesdk/linux/5.3.1.GA/android/kroll-common.jar:/home/hector/.titanium/mobilesdk/linux/5.3.1.GA/android/titanium.jar:/home/hector/.titanium/mobilesdk/linux/5.3.1.GA/android/modules/titanium-app.jar:/home/hector/.titanium/mobilesdk/linux/5.3.1.GA/android/modules/titanium-ui.jar:/home/hector/.titanium/mobilesdk/linux/5.3.1.GA/android/nineoldandroids-appc-2.4.0.jar:/home/hector/.titanium/mobilesdk/linux/5.3.1.GA/android/modules/titanium-filesystem.jar:/home/hector/.titanium/mobilesdk/linux/5.3.1.GA/android/modules/titanium-media.jar:/home/hector/.titanium/mobilesdk/linux/5.3.1.GA/android/modules/titanium-appcompat.jar:/home/hector/.titanium/mobilesdk/linux/5.3.1.GA/android/android-support-v4.jar:/home/hector/.titanium/mobilesdk/linux/5.3.1.GA/android/android-support-v7-appcompat.jar:/home/hector/.titanium/mobilesdk/linux/5.3.1.GA/android/modules/titanium-cardview.jar:/home/hector/.titanium/mobilesdk/linux/5.3.1.GA/android/cardview-v7-23.0.1.jar:/home/hector/.titanium/mobilesdk/linux/5.3.1.GA/android/modules/titanium-locale.jar:/home/hector/.titanium/mobilesdk/linux/5.3.1.GA/android/modules/titanium-network.jar:/home/hector/.titanium/mobilesdk/linux/5.3.1.GA/android/modules/titanium-xml.jar:/home/hector/.titanium/mobilesdk/linux/5.3.1.GA/android/lib/titanium-verify.jar:R.class:AssetCryptImpl.class:RssTestActivity.class:RssTestAppInfo.class:RssTestApplication.class" "-d" "/home/hector/Escritorio/Appcelerator_Studio_Workspace/RSS Test/build/android/bin/classes" "-proc:none" "-target" "1.6" "-source" "1.6" "@/home/hector/Escritorio/Appcelerator_Studio_Workspace/RSS Test/build/android/java-sources.txt"
[INFO]   Running dexer: /usr/lib/jvm/java-7-oracle/bin/java "-Xmx1024M" "-XX:-UseGCOverheadLimit" "-Djava.ext.dirs=/home/hector/android-sdk-linux/platform-tools" "-jar" "/home/hector/android-sdk-linux/build-tools/23.0.1/lib/dx.jar" "--dex" "--output=/home/hector/Escritorio/Appcelerator_Studio_Workspace/RSS Test/build/android/bin/classes.dex" "/home/hector/Escritorio/Appcelerator_Studio_Workspace/RSS Test/build/android/bin/classes" "/home/hector/.titanium/mobilesdk/linux/5.3.1.GA/android/lib/titanium-verify.jar" "/home/hector/.titanium/mobilesdk/linux/5.3.1.GA/android/kroll-v8.jar" "/home/hector/.titanium/mobilesdk/linux/5.3.1.GA/android/modules/titanium-analytics.jar" "/home/hector/.titanium/mobilesdk/linux/5.3.1.GA/android/aps-analytics.jar" "/home/hector/.titanium/mobilesdk/linux/5.3.1.GA/android/modules/titanium-android.jar" "/home/hector/.titanium/mobilesdk/linux/5.3.1.GA/android/jaxen-1.1.1.jar" "/home/hector/.titanium/mobilesdk/linux/5.3.1.GA/android/ti-commons-codec-1.3.jar" "/home/hector/.titanium/mobilesdk/linux/5.3.1.GA/android/kroll-common.jar" "/home/hector/.titanium/mobilesdk/linux/5.3.1.GA/android/titanium.jar" "/home/hector/.titanium/mobilesdk/linux/5.3.1.GA/android/modules/titanium-app.jar" "/home/hector/.titanium/mobilesdk/linux/5.3.1.GA/android/modules/titanium-ui.jar" "/home/hector/.titanium/mobilesdk/linux/5.3.1.GA/android/nineoldandroids-appc-2.4.0.jar" "/home/hector/.titanium/mobilesdk/linux/5.3.1.GA/android/modules/titanium-filesystem.jar" "/home/hector/.titanium/mobilesdk/linux/5.3.1.GA/android/modules/titanium-media.jar" "/home/hector/.titanium/mobilesdk/linux/5.3.1.GA/android/modules/titanium-appcompat.jar" "/home/hector/.titanium/mobilesdk/linux/5.3.1.GA/android/android-support-v4.jar" "/home/hector/.titanium/mobilesdk/linux/5.3.1.GA/android/android-support-v7-appcompat.jar" "/home/hector/.titanium/mobilesdk/linux/5.3.1.GA/android/modules/titanium-cardview.jar" "/home/hector/.titanium/mobilesdk/linux/5.3.1.GA/android/cardview-v7-23.0.1.jar" "/home/hector/.titanium/mobilesdk/linux/5.3.1.GA/android/modules/titanium-locale.jar" "/home/hector/.titanium/mobilesdk/linux/5.3.1.GA/android/modules/titanium-network.jar" "/home/hector/.titanium/mobilesdk/linux/5.3.1.GA/android/modules/titanium-xml.jar"
[INFO]   Creating unsigned apk
[DEBUG]  Processing /home/hector/Escritorio/Appcelerator_Studio_Workspace/RSS Test/build/android/bin/app.ap_
[DEBUG]  Deflating AndroidManifest.xml
[DEBUG]  Adding assets/Resources/KS_nav_ui.png
[DEBUG]  Adding assets/Resources/KS_nav_views.png
[DEBUG]  Adding assets/Resources/appicon.png
[DEBUG]  Deflating assets/app.json
[DEBUG]  Deflating assets/index.json
[DEBUG]  Deflating res/anim/abc_fade_in.xml
[DEBUG]  Deflating res/anim/abc_fade_out.xml
[DEBUG]  Deflating res/anim/abc_grow_fade_in_from_bottom.xml
[DEBUG]  Deflating res/anim/abc_popup_enter.xml
[DEBUG]  Deflating res/anim/abc_popup_exit.xml
[DEBUG]  Deflating res/anim/abc_shrink_fade_out_from_bottom.xml
[DEBUG]  Deflating res/anim/abc_slide_in_bottom.xml
[DEBUG]  Deflating res/anim/abc_slide_in_top.xml
[DEBUG]  Deflating res/anim/abc_slide_out_bottom.xml
[DEBUG]  Deflating res/anim/abc_slide_out_top.xml
[DEBUG]  Deflating res/color-v11/abc_background_cache_hint_selector_material_dark.xml
[DEBUG]  Deflating res/color-v11/abc_background_cache_hint_selector_material_light.xml
[DEBUG]  Deflating res/color-v23/abc_color_highlight_material.xml
[DEBUG]  Deflating res/color/abc_background_cache_hint_selector_material_dark.xml
[DEBUG]  Deflating res/color/abc_background_cache_hint_selector_material_light.xml
[DEBUG]  Deflating res/color/abc_primary_text_disable_only_material_dark.xml
[DEBUG]  Deflating res/color/abc_primary_text_disable_only_material_light.xml
[DEBUG]  Deflating res/color/abc_primary_text_material_dark.xml
[DEBUG]  Deflating res/color/abc_primary_text_material_light.xml
[DEBUG]  Deflating res/color/abc_search_url_text.xml
[DEBUG]  Deflating res/color/abc_secondary_text_material_dark.xml
[DEBUG]  Deflating res/color/abc_secondary_text_material_light.xml
[DEBUG]  Deflating res/color/switch_thumb_material_dark.xml
[DEBUG]  Deflating res/color/switch_thumb_material_light.xml
[DEBUG]  Adding res/drawable-hdpi-v4/abc_ab_share_pack_mtrl_alpha.9.png
[DEBUG]  Adding res/drawable-hdpi-v4/abc_btn_check_to_on_mtrl_000.png
[DEBUG]  Adding res/drawable-hdpi-v4/abc_btn_check_to_on_mtrl_015.png
[DEBUG]  Adding res/drawable-hdpi-v4/abc_btn_radio_to_on_mtrl_000.png
[DEBUG]  Adding res/drawable-hdpi-v4/abc_btn_radio_to_on_mtrl_015.png
[DEBUG]  Adding res/drawable-hdpi-v4/abc_btn_rating_star_off_mtrl_alpha.png
[DEBUG]  Adding res/drawable-hdpi-v4/abc_btn_rating_star_on_mtrl_alpha.png
[DEBUG]  Adding res/drawable-hdpi-v4/abc_btn_switch_to_on_mtrl_00001.9.png
[DEBUG]  Adding res/drawable-hdpi-v4/abc_btn_switch_to_on_mtrl_00012.9.png
[DEBUG]  Adding res/drawable-hdpi-v4/abc_cab_background_top_mtrl_alpha.9.png
[DEBUG]  Adding res/drawable-hdpi-v4/abc_ic_ab_back_mtrl_am_alpha.png
[DEBUG]  Adding res/drawable-hdpi-v4/abc_ic_clear_mtrl_alpha.png
[DEBUG]  Adding res/drawable-hdpi-v4/abc_ic_commit_search_api_mtrl_alpha.png
[DEBUG]  Adding res/drawable-hdpi-v4/abc_ic_go_search_api_mtrl_alpha.png
[DEBUG]  Adding res/drawable-hdpi-v4/abc_ic_menu_copy_mtrl_am_alpha.png
[DEBUG]  Adding res/drawable-hdpi-v4/abc_ic_menu_cut_mtrl_alpha.png
[DEBUG]  Adding res/drawable-hdpi-v4/abc_ic_menu_moreoverflow_mtrl_alpha.png
[DEBUG]  Adding res/drawable-hdpi-v4/abc_ic_menu_paste_mtrl_am_alpha.png
[DEBUG]  Adding res/drawable-hdpi-v4/abc_ic_menu_selectall_mtrl_alpha.png
[DEBUG]  Adding res/drawable-hdpi-v4/abc_ic_menu_share_mtrl_alpha.png
[DEBUG]  Adding res/drawable-hdpi-v4/abc_ic_search_api_mtrl_alpha.png
[DEBUG]  Adding res/drawable-hdpi-v4/abc_ic_voice_search_api_mtrl_alpha.png
[DEBUG]  Adding res/drawable-hdpi-v4/abc_list_divider_mtrl_alpha.9.png
[DEBUG]  Adding res/drawable-hdpi-v4/abc_list_focused_holo.9.png
[DEBUG]  Adding res/drawable-hdpi-v4/abc_list_longpressed_holo.9.png
[DEBUG]  Adding res/drawable-hdpi-v4/abc_list_pressed_holo_dark.9.png
[DEBUG]  Adding res/drawable-hdpi-v4/abc_list_pressed_holo_light.9.png
[DEBUG]  Adding res/drawable-hdpi-v4/abc_list_selector_disabled_holo_dark.9.png
[DEBUG]  Adding res/drawable-hdpi-v4/abc_list_selector_disabled_holo_light.9.png
[DEBUG]  Adding res/drawable-hdpi-v4/abc_menu_hardkey_panel_mtrl_mult.9.png
[DEBUG]  Adding res/drawable-hdpi-v4/abc_popup_background_mtrl_mult.9.png
[DEBUG]  Adding res/drawable-hdpi-v4/abc_spinner_mtrl_am_alpha.9.png
[DEBUG]  Adding res/drawable-hdpi-v4/abc_switch_track_mtrl_alpha.9.png
[DEBUG]  Adding res/drawable-hdpi-v4/abc_tab_indicator_mtrl_alpha.9.png
[DEBUG]  Adding res/drawable-hdpi-v4/abc_textfield_activated_mtrl_alpha.9.png
[DEBUG]  Adding res/drawable-hdpi-v4/abc_textfield_default_mtrl_alpha.9.png
[DEBUG]  Adding res/drawable-hdpi-v4/abc_textfield_search_activated_mtrl_alpha.9.png
[DEBUG]  Adding res/drawable-hdpi-v4/abc_textfield_search_default_mtrl_alpha.9.png
[DEBUG]  Adding res/drawable-ldrtl-hdpi-v4/abc_ic_ab_back_mtrl_am_alpha.png
[DEBUG]  Adding res/drawable-ldrtl-hdpi-v4/abc_ic_menu_copy_mtrl_am_alpha.png
[DEBUG]  Adding res/drawable-ldrtl-hdpi-v4/abc_ic_menu_cut_mtrl_alpha.png
[DEBUG]  Adding res/drawable-ldrtl-hdpi-v4/abc_spinner_mtrl_am_alpha.9.png
[DEBUG]  Adding res/drawable-ldrtl-mdpi-v4/abc_ic_ab_back_mtrl_am_alpha.png
[DEBUG]  Adding res/drawable-ldrtl-mdpi-v4/abc_ic_menu_copy_mtrl_am_alpha.png
[DEBUG]  Adding res/drawable-ldrtl-mdpi-v4/abc_ic_menu_cut_mtrl_alpha.png
[DEBUG]  Adding res/drawable-ldrtl-mdpi-v4/abc_spinner_mtrl_am_alpha.9.png
[DEBUG]  Adding res/drawable-ldrtl-xhdpi-v4/abc_ic_ab_back_mtrl_am_alpha.png
[DEBUG]  Adding res/drawable-ldrtl-xhdpi-v4/abc_ic_menu_copy_mtrl_am_alpha.png
[DEBUG]  Adding res/drawable-ldrtl-xhdpi-v4/abc_ic_menu_cut_mtrl_alpha.png
[DEBUG]  Adding res/drawable-ldrtl-xhdpi-v4/abc_spinner_mtrl_am_alpha.9.png
[DEBUG]  Adding res/drawable-ldrtl-xxhdpi-v4/abc_ic_ab_back_mtrl_am_alpha.png
[DEBUG]  Adding res/drawable-ldrtl-xxhdpi-v4/abc_ic_menu_copy_mtrl_am_alpha.png
[DEBUG]  Adding res/drawable-ldrtl-xxhdpi-v4/abc_ic_menu_cut_mtrl_alpha.png
[DEBUG]  Adding res/drawable-ldrtl-xxhdpi-v4/abc_spinner_mtrl_am_alpha.9.png
[DEBUG]  Adding res/drawable-ldrtl-xxxhdpi-v4/abc_ic_ab_back_mtrl_am_alpha.png
[DEBUG]  Adding res/drawable-ldrtl-xxxhdpi-v4/abc_ic_menu_copy_mtrl_am_alpha.png
[DEBUG]  Adding res/drawable-ldrtl-xxxhdpi-v4/abc_ic_menu_cut_mtrl_alpha.png
[DEBUG]  Adding res/drawable-ldrtl-xxxhdpi-v4/abc_spinner_mtrl_am_alpha.9.png
[DEBUG]  Adding res/drawable-long-land-hdpi-v4/background.png
[DEBUG]  Adding res/drawable-long-land-ldpi-v4/background.png
[DEBUG]  Adding res/drawable-long-port-hdpi-v4/background.png
[DEBUG]  Adding res/drawable-long-port-ldpi-v4/background.png
[DEBUG]  Adding res/drawable-mdpi-v4/abc_ab_share_pack_mtrl_alpha.9.png
[DEBUG]  Adding res/drawable-mdpi-v4/abc_btn_check_to_on_mtrl_000.png
[DEBUG]  Adding res/drawable-mdpi-v4/abc_btn_check_to_on_mtrl_015.png
[DEBUG]  Adding res/drawable-mdpi-v4/abc_btn_radio_to_on_mtrl_000.png
[DEBUG]  Adding res/drawable-mdpi-v4/abc_btn_radio_to_on_mtrl_015.png
[DEBUG]  Adding res/drawable-mdpi-v4/abc_btn_rating_star_off_mtrl_alpha.png
[DEBUG]  Adding res/drawable-mdpi-v4/abc_btn_rating_star_on_mtrl_alpha.png
[DEBUG]  Adding res/drawable-mdpi-v4/abc_btn_switch_to_on_mtrl_00001.9.png
[DEBUG]  Adding res/drawable-mdpi-v4/abc_btn_switch_to_on_mtrl_00012.9.png
[DEBUG]  Adding res/drawable-mdpi-v4/abc_cab_background_top_mtrl_alpha.9.png
[DEBUG]  Adding res/drawable-mdpi-v4/abc_ic_ab_back_mtrl_am_alpha.png
[DEBUG]  Adding res/drawable-mdpi-v4/abc_ic_clear_mtrl_alpha.png
[DEBUG]  Adding res/drawable-mdpi-v4/abc_ic_commit_search_api_mtrl_alpha.png
[DEBUG]  Adding res/drawable-mdpi-v4/abc_ic_go_search_api_mtrl_alpha.png
[DEBUG]  Adding res/drawable-mdpi-v4/abc_ic_menu_copy_mtrl_am_alpha.png
[DEBUG]  Adding res/drawable-mdpi-v4/abc_ic_menu_cut_mtrl_alpha.png
[DEBUG]  Adding res/drawable-mdpi-v4/abc_ic_menu_moreoverflow_mtrl_alpha.png
[DEBUG]  Adding res/drawable-mdpi-v4/abc_ic_menu_paste_mtrl_am_alpha.png
[DEBUG]  Adding res/drawable-mdpi-v4/abc_ic_menu_selectall_mtrl_alpha.png
[DEBUG]  Adding res/drawable-mdpi-v4/abc_ic_menu_share_mtrl_alpha.png
[DEBUG]  Adding res/drawable-mdpi-v4/abc_ic_search_api_mtrl_alpha.png
[DEBUG]  Adding res/drawable-mdpi-v4/abc_ic_voice_search_api_mtrl_alpha.png
[DEBUG]  Adding res/drawable-mdpi-v4/abc_list_divider_mtrl_alpha.9.png
[DEBUG]  Adding res/drawable-mdpi-v4/abc_list_focused_holo.9.png
[DEBUG]  Adding res/drawable-mdpi-v4/abc_list_longpressed_holo.9.png
[DEBUG]  Adding res/drawable-mdpi-v4/abc_list_pressed_holo_dark.9.png
[DEBUG]  Adding res/drawable-mdpi-v4/abc_list_pressed_holo_light.9.png
[DEBUG]  Adding res/drawable-mdpi-v4/abc_list_selector_disabled_holo_dark.9.png
[DEBUG]  Adding res/drawable-mdpi-v4/abc_list_selector_disabled_holo_light.9.png
[DEBUG]  Adding res/drawable-mdpi-v4/abc_menu_hardkey_panel_mtrl_mult.9.png
[DEBUG]  Adding res/drawable-mdpi-v4/abc_popup_background_mtrl_mult.9.png
[DEBUG]  Adding res/drawable-mdpi-v4/abc_spinner_mtrl_am_alpha.9.png
[DEBUG]  Adding res/drawable-mdpi-v4/abc_switch_track_mtrl_alpha.9.png
[DEBUG]  Adding res/drawable-mdpi-v4/abc_tab_indicator_mtrl_alpha.9.png
[DEBUG]  Adding res/drawable-mdpi-v4/abc_textfield_activated_mtrl_alpha.9.png
[DEBUG]  Adding res/drawable-mdpi-v4/abc_textfield_default_mtrl_alpha.9.png
[DEBUG]  Adding res/drawable-mdpi-v4/abc_textfield_search_activated_mtrl_alpha.9.png
[DEBUG]  Adding res/drawable-mdpi-v4/abc_textfield_search_default_mtrl_alpha.9.png
[DEBUG]  Adding res/drawable-notlong-land-hdpi-v4/background.png
[DEBUG]  Adding res/drawable-notlong-land-ldpi-v4/background.png
[DEBUG]  Adding res/drawable-notlong-land-mdpi-v4/background.png
[DEBUG]  Adding res/drawable-notlong-port-hdpi-v4/background.png
[DEBUG]  Adding res/drawable-notlong-port-ldpi-v4/background.png
[DEBUG]  Adding res/drawable-notlong-port-mdpi-v4/background.png
[DEBUG]  Deflating res/drawable-v21/abc_action_bar_item_background_material.xml
[DEBUG]  Deflating res/drawable-v21/abc_btn_colored_material.xml
[DEBUG]  Deflating res/drawable-v23/abc_control_background_material.xml
[DEBUG]  Adding res/drawable-xhdpi-v4/abc_ab_share_pack_mtrl_alpha.9.png
[DEBUG]  Adding res/drawable-xhdpi-v4/abc_btn_check_to_on_mtrl_000.png
[DEBUG]  Adding res/drawable-xhdpi-v4/abc_btn_check_to_on_mtrl_015.png
[DEBUG]  Adding res/drawable-xhdpi-v4/abc_btn_radio_to_on_mtrl_000.png
[DEBUG]  Adding res/drawable-xhdpi-v4/abc_btn_radio_to_on_mtrl_015.png
[DEBUG]  Adding res/drawable-xhdpi-v4/abc_btn_rating_star_off_mtrl_alpha.png
[DEBUG]  Adding res/drawable-xhdpi-v4/abc_btn_rating_star_on_mtrl_alpha.png
[DEBUG]  Adding res/drawable-xhdpi-v4/abc_btn_switch_to_on_mtrl_00001.9.png
[DEBUG]  Adding res/drawable-xhdpi-v4/abc_btn_switch_to_on_mtrl_00012.9.png
[DEBUG]  Adding res/drawable-xhdpi-v4/abc_cab_background_top_mtrl_alpha.9.png
[DEBUG]  Adding res/drawable-xhdpi-v4/abc_ic_ab_back_mtrl_am_alpha.png
[DEBUG]  Adding res/drawable-xhdpi-v4/abc_ic_clear_mtrl_alpha.png
[DEBUG]  Adding res/drawable-xhdpi-v4/abc_ic_commit_search_api_mtrl_alpha.png
[DEBUG]  Adding res/drawable-xhdpi-v4/abc_ic_go_search_api_mtrl_alpha.png
[DEBUG]  Adding res/drawable-xhdpi-v4/abc_ic_menu_copy_mtrl_am_alpha.png
[DEBUG]  Adding res/drawable-xhdpi-v4/abc_ic_menu_cut_mtrl_alpha.png
[DEBUG]  Adding res/drawable-xhdpi-v4/abc_ic_menu_moreoverflow_mtrl_alpha.png
[DEBUG]  Adding res/drawable-xhdpi-v4/abc_ic_menu_paste_mtrl_am_alpha.png
[DEBUG]  Adding res/drawable-xhdpi-v4/abc_ic_menu_selectall_mtrl_alpha.png
[DEBUG]  Adding res/drawable-xhdpi-v4/abc_ic_menu_share_mtrl_alpha.png
[DEBUG]  Adding res/drawable-xhdpi-v4/abc_ic_search_api_mtrl_alpha.png
[DEBUG]  Adding res/drawable-xhdpi-v4/abc_ic_voice_search_api_mtrl_alpha.png
[DEBUG]  Adding res/drawable-xhdpi-v4/abc_list_divider_mtrl_alpha.9.png
[DEBUG]  Adding res/drawable-xhdpi-v4/abc_list_focused_holo.9.png
[DEBUG]  Adding res/drawable-xhdpi-v4/abc_list_longpressed_holo.9.png
[DEBUG]  Adding res/drawable-xhdpi-v4/abc_list_pressed_holo_dark.9.png
[DEBUG]  Adding res/drawable-xhdpi-v4/abc_list_pressed_holo_light.9.png
[DEBUG]  Adding res/drawable-xhdpi-v4/abc_list_selector_disabled_holo_dark.9.png
[DEBUG]  Adding res/drawable-xhdpi-v4/abc_list_selector_disabled_holo_light.9.png
[DEBUG]  Adding res/drawable-xhdpi-v4/abc_menu_hardkey_panel_mtrl_mult.9.png
[DEBUG]  Adding res/drawable-xhdpi-v4/abc_popup_background_mtrl_mult.9.png
[DEBUG]  Adding res/drawable-xhdpi-v4/abc_spinner_mtrl_am_alpha.9.png
[DEBUG]  Adding res/drawable-xhdpi-v4/abc_switch_track_mtrl_alpha.9.png
[DEBUG]  Adding res/drawable-xhdpi-v4/abc_tab_indicator_mtrl_alpha.9.png
[DEBUG]  Adding res/drawable-xhdpi-v4/abc_textfield_activated_mtrl_alpha.9.png
[DEBUG]  Adding res/drawable-xhdpi-v4/abc_textfield_default_mtrl_alpha.9.png
[DEBUG]  Adding res/drawable-xhdpi-v4/abc_textfield_search_activated_mtrl_alpha.9.png
[DEBUG]  Adding res/drawable-xhdpi-v4/abc_textfield_search_default_mtrl_alpha.9.png
[DEBUG]  Adding res/drawable-xxhdpi-v4/abc_ab_share_pack_mtrl_alpha.9.png
[DEBUG]  Adding res/drawable-xxhdpi-v4/abc_btn_check_to_on_mtrl_000.png
[DEBUG]  Adding res/drawable-xxhdpi-v4/abc_btn_check_to_on_mtrl_015.png
[DEBUG]  Adding res/drawable-xxhdpi-v4/abc_btn_radio_to_on_mtrl_000.png
[DEBUG]  Adding res/drawable-xxhdpi-v4/abc_btn_radio_to_on_mtrl_015.png
[DEBUG]  Adding res/drawable-xxhdpi-v4/abc_btn_rating_star_off_mtrl_alpha.png
[DEBUG]  Adding res/drawable-xxhdpi-v4/abc_btn_rating_star_on_mtrl_alpha.png
[DEBUG]  Adding res/drawable-xxhdpi-v4/abc_btn_switch_to_on_mtrl_00001.9.png
[DEBUG]  Adding res/drawable-xxhdpi-v4/abc_btn_switch_to_on_mtrl_00012.9.png
[DEBUG]  Adding res/drawable-xxhdpi-v4/abc_cab_background_top_mtrl_alpha.9.png
[DEBUG]  Adding res/drawable-xxhdpi-v4/abc_ic_ab_back_mtrl_am_alpha.png
[DEBUG]  Adding res/drawable-xxhdpi-v4/abc_ic_clear_mtrl_alpha.png
[DEBUG]  Adding res/drawable-xxhdpi-v4/abc_ic_commit_search_api_mtrl_alpha.png
[DEBUG]  Adding res/drawable-xxhdpi-v4/abc_ic_go_search_api_mtrl_alpha.png
[DEBUG]  Adding res/drawable-xxhdpi-v4/abc_ic_menu_copy_mtrl_am_alpha.png
[DEBUG]  Adding res/drawable-xxhdpi-v4/abc_ic_menu_cut_mtrl_alpha.png
[DEBUG]  Adding res/drawable-xxhdpi-v4/abc_ic_menu_moreoverflow_mtrl_alpha.png
[DEBUG]  Adding res/drawable-xxhdpi-v4/abc_ic_menu_paste_mtrl_am_alpha.png
[DEBUG]  Adding res/drawable-xxhdpi-v4/abc_ic_menu_selectall_mtrl_alpha.png
[DEBUG]  Adding res/drawable-xxhdpi-v4/abc_ic_menu_share_mtrl_alpha.png
[DEBUG]  Adding res/drawable-xxhdpi-v4/abc_ic_search_api_mtrl_alpha.png
[DEBUG]  Adding res/drawable-xxhdpi-v4/abc_ic_voice_search_api_mtrl_alpha.png
[DEBUG]  Adding res/drawable-xxhdpi-v4/abc_list_divider_mtrl_alpha.9.png
[DEBUG]  Adding res/drawable-xxhdpi-v4/abc_list_focused_holo.9.png
[DEBUG]  Adding res/drawable-xxhdpi-v4/abc_list_longpressed_holo.9.png
[DEBUG]  Adding res/drawable-xxhdpi-v4/abc_list_pressed_holo_dark.9.png
[DEBUG]  Adding res/drawable-xxhdpi-v4/abc_list_pressed_holo_light.9.png
[DEBUG]  Adding res/drawable-xxhdpi-v4/abc_list_selector_disabled_holo_dark.9.png
[DEBUG]  Adding res/drawable-xxhdpi-v4/abc_list_selector_disabled_holo_light.9.png
[DEBUG]  Adding res/drawable-xxhdpi-v4/abc_menu_hardkey_panel_mtrl_mult.9.png
[DEBUG]  Adding res/drawable-xxhdpi-v4/abc_popup_background_mtrl_mult.9.png
[DEBUG]  Adding res/drawable-xxhdpi-v4/abc_spinner_mtrl_am_alpha.9.png
[DEBUG]  Adding res/drawable-xxhdpi-v4/abc_switch_track_mtrl_alpha.9.png
[DEBUG]  Adding res/drawable-xxhdpi-v4/abc_tab_indicator_mtrl_alpha.9.png
[DEBUG]  Adding res/drawable-xxhdpi-v4/abc_textfield_activated_mtrl_alpha.9.png
[DEBUG]  Adding res/drawable-xxhdpi-v4/abc_textfield_default_mtrl_alpha.9.png
[DEBUG]  Adding res/drawable-xxhdpi-v4/abc_textfield_search_activated_mtrl_alpha.9.png
[DEBUG]  Adding res/drawable-xxhdpi-v4/abc_textfield_search_default_mtrl_alpha.9.png
[DEBUG]  Adding res/drawable-xxxhdpi-v4/abc_btn_check_to_on_mtrl_000.png
[DEBUG]  Adding res/drawable-xxxhdpi-v4/abc_btn_check_to_on_mtrl_015.png
[DEBUG]  Adding res/drawable-xxxhdpi-v4/abc_btn_radio_to_on_mtrl_000.png
[DEBUG]  Adding res/drawable-xxxhdpi-v4/abc_btn_radio_to_on_mtrl_015.png
[DEBUG]  Adding res/drawable-xxxhdpi-v4/abc_btn_switch_to_on_mtrl_00001.9.png
[DEBUG]  Adding res/drawable-xxxhdpi-v4/abc_btn_switch_to_on_mtrl_00012.9.png
[DEBUG]  Adding res/drawable-xxxhdpi-v4/abc_ic_ab_back_mtrl_am_alpha.png
[DEBUG]  Adding res/drawable-xxxhdpi-v4/abc_ic_clear_mtrl_alpha.png
[DEBUG]  Adding res/drawable-xxxhdpi-v4/abc_ic_menu_copy_mtrl_am_alpha.png
[DEBUG]  Adding res/drawable-xxxhdpi-v4/abc_ic_menu_cut_mtrl_alpha.png
[DEBUG]  Adding res/drawable-xxxhdpi-v4/abc_ic_menu_moreoverflow_mtrl_alpha.png
[DEBUG]  Adding res/drawable-xxxhdpi-v4/abc_ic_menu_paste_mtrl_am_alpha.png
[DEBUG]  Adding res/drawable-xxxhdpi-v4/abc_ic_menu_selectall_mtrl_alpha.png
[DEBUG]  Adding res/drawable-xxxhdpi-v4/abc_ic_menu_share_mtrl_alpha.png
[DEBUG]  Adding res/drawable-xxxhdpi-v4/abc_ic_search_api_mtrl_alpha.png
[DEBUG]  Adding res/drawable-xxxhdpi-v4/abc_ic_voice_search_api_mtrl_alpha.png
[DEBUG]  Adding res/drawable-xxxhdpi-v4/abc_spinner_mtrl_am_alpha.9.png
[DEBUG]  Adding res/drawable-xxxhdpi-v4/abc_switch_track_mtrl_alpha.9.png
[DEBUG]  Adding res/drawable-xxxhdpi-v4/abc_tab_indicator_mtrl_alpha.9.png
[DEBUG]  Deflating res/drawable/abc_btn_borderless_material.xml
[DEBUG]  Deflating res/drawable/abc_btn_check_material.xml
[DEBUG]  Deflating res/drawable/abc_btn_colored_material.xml
[DEBUG]  Deflating res/drawable/abc_btn_default_mtrl_shape.xml
[DEBUG]  Deflating res/drawable/abc_btn_radio_material.xml
[DEBUG]  Deflating res/drawable/abc_cab_background_internal_bg.xml
[DEBUG]  Deflating res/drawable/abc_cab_background_top_material.xml
[DEBUG]  Deflating res/drawable/abc_dialog_material_background_dark.xml
[DEBUG]  Deflating res/drawable/abc_dialog_material_background_light.xml
[DEBUG]  Deflating res/drawable/abc_edit_text_material.xml
[DEBUG]  Deflating res/drawable/abc_item_background_holo_dark.xml
[DEBUG]  Deflating res/drawable/abc_item_background_holo_light.xml
[DEBUG]  Deflating res/drawable/abc_list_selector_background_transition_holo_dark.xml
[DEBUG]  Deflating res/drawable/abc_list_selector_background_transition_holo_light.xml
[DEBUG]  Deflating res/drawable/abc_list_selector_holo_dark.xml
[DEBUG]  Deflating res/drawable/abc_list_selector_holo_light.xml
[DEBUG]  Deflating res/drawable/abc_ratingbar_full_material.xml
[DEBUG]  Deflating res/drawable/abc_spinner_textfield_background_material.xml
[DEBUG]  Deflating res/drawable/abc_switch_thumb_material.xml
[DEBUG]  Deflating res/drawable/abc_tab_indicator_material.xml
[DEBUG]  Deflating res/drawable/abc_text_cursor_material.xml
[DEBUG]  Deflating res/drawable/abc_textfield_search_material.xml
[DEBUG]  Adding res/drawable/appicon.png
[DEBUG]  Adding res/drawable/background.png
[DEBUG]  Adding res/drawable/btn_check_buttonless_on_64.png
[DEBUG]  Adding res/drawable/btn_more_64.png
[DEBUG]  Adding res/drawable/disclosure_64.png
[DEBUG]  Deflating res/layout-v17/abc_alert_dialog_material.xml
[DEBUG]  Deflating res/layout-v17/abc_dialog_title_material.xml
[DEBUG]  Deflating res/layout-v17/abc_search_view.xml
[DEBUG]  Deflating res/layout-v17/notification_template_big_media.xml
[DEBUG]  Deflating res/layout-v17/notification_template_big_media_narrow.xml
[DEBUG]  Deflating res/layout-v17/notification_template_lines.xml
[DEBUG]  Deflating res/layout-v17/notification_template_media.xml
[DEBUG]  Deflating res/layout-v17/notification_template_part_chronometer.xml
[DEBUG]  Deflating res/layout-v17/notification_template_part_time.xml
[DEBUG]  Deflating res/layout-v21/abc_screen_toolbar.xml
[DEBUG]  Deflating res/layout-v21/titanium_ui_date_picker_spinner.xml
[DEBUG]  Deflating res/layout-v21/titanium_ui_time_picker_spinner.xml
[DEBUG]  Deflating res/layout/abc_action_bar_title_item.xml
[DEBUG]  Deflating res/layout/abc_action_bar_up_container.xml
[DEBUG]  Deflating res/layout/abc_action_bar_view_list_nav_layout.xml
[DEBUG]  Deflating res/layout/abc_action_menu_item_layout.xml
[DEBUG]  Deflating res/layout/abc_action_menu_layout.xml
[DEBUG]  Deflating res/layout/abc_action_mode_bar.xml
[DEBUG]  Deflating res/layout/abc_action_mode_close_item_material.xml
[DEBUG]  Deflating res/layout/abc_activity_chooser_view.xml
[DEBUG]  Deflating res/layout/abc_activity_chooser_view_list_item.xml
[DEBUG]  Deflating res/layout/abc_alert_dialog_material.xml
[DEBUG]  Deflating res/layout/abc_dialog_title_material.xml
[DEBUG]  Deflating res/layout/abc_expanded_menu_layout.xml
[DEBUG]  Deflating res/layout/abc_list_menu_item_checkbox.xml
[DEBUG]  Deflating res/layout/abc_list_menu_item_icon.xml
[DEBUG]  Deflating res/layout/abc_list_menu_item_layout.xml
[DEBUG]  Deflating res/layout/abc_list_menu_item_radio.xml
[DEBUG]  Deflating res/layout/abc_popup_menu_item_layout.xml
[DEBUG]  Deflating res/layout/abc_screen_content_include.xml
[DEBUG]  Deflating res/layout/abc_screen_simple.xml
[DEBUG]  Deflating res/layout/abc_screen_simple_overlay_action_mode.xml
[DEBUG]  Deflating res/layout/abc_screen_toolbar.xml
[DEBUG]  Deflating res/layout/abc_search_dropdown_item_icons_2line.xml
[DEBUG]  Deflating res/layout/abc_search_view.xml
[DEBUG]  Deflating res/layout/abc_select_dialog_material.xml
[DEBUG]  Deflating res/layout/notification_media_action.xml
[DEBUG]  Deflating res/layout/notification_media_cancel_action.xml
[DEBUG]  Deflating res/layout/notification_template_big_media.xml
[DEBUG]  Deflating res/layout/notification_template_big_media_narrow.xml
[DEBUG]  Deflating res/layout/notification_template_lines.xml
[DEBUG]  Deflating res/layout/notification_template_media.xml
[DEBUG]  Deflating res/layout/notification_template_part_chronometer.xml
[DEBUG]  Deflating res/layout/notification_template_part_time.xml
[DEBUG]  Deflating res/layout/select_dialog_item_material.xml
[DEBUG]  Deflating res/layout/select_dialog_multichoice_material.xml
[DEBUG]  Deflating res/layout/select_dialog_singlechoice_material.xml
[DEBUG]  Deflating res/layout/support_simple_spinner_dropdown_item.xml
[DEBUG]  Deflating res/layout/titanium_tabgroup.xml
[DEBUG]  Deflating res/layout/titanium_ui_checkbox.xml
[DEBUG]  Deflating res/layout/titanium_ui_date_picker_spinner.xml
[DEBUG]  Deflating res/layout/titanium_ui_edittext.xml
[DEBUG]  Deflating res/layout/titanium_ui_list_header_or_footer.xml
[DEBUG]  Deflating res/layout/titanium_ui_list_item.xml
[DEBUG]  Deflating res/layout/titanium_ui_spinner.xml
[DEBUG]  Deflating res/layout/titanium_ui_switchcompat.xml
[DEBUG]  Deflating res/layout/titanium_ui_time_picker_spinner.xml
[DEBUG]  Deflating resources.arsc
[DEBUG]  Processing /home/hector/.titanium/mobilesdk/linux/5.3.1.GA/android/kroll-v8.jar
[DEBUG]  Processing /home/hector/.titanium/mobilesdk/linux/5.3.1.GA/android/modules/titanium-analytics.jar
[DEBUG]  Processing /home/hector/.titanium/mobilesdk/linux/5.3.1.GA/android/aps-analytics.jar
[DEBUG]  Processing /home/hector/.titanium/mobilesdk/linux/5.3.1.GA/android/modules/titanium-android.jar
[DEBUG]  Processing /home/hector/.titanium/mobilesdk/linux/5.3.1.GA/android/jaxen-1.1.1.jar
[DEBUG]  Processing /home/hector/.titanium/mobilesdk/linux/5.3.1.GA/android/ti-commons-codec-1.3.jar
[DEBUG]  Processing /home/hector/.titanium/mobilesdk/linux/5.3.1.GA/android/kroll-common.jar
[DEBUG]  Processing /home/hector/.titanium/mobilesdk/linux/5.3.1.GA/android/titanium.jar
[DEBUG]  Deflating org/appcelerator/titanium/build.properties
[DEBUG]  Adding org/appcelerator/titanium/res/drawable/background.png
[DEBUG]  Adding org/appcelerator/titanium/res/drawable/btn_check_buttonless_on.png
[DEBUG]  Adding org/appcelerator/titanium/res/drawable/btn_check_buttonless_on_100.png
[DEBUG]  Adding org/appcelerator/titanium/res/drawable/btn_check_buttonless_on_18.png
[DEBUG]  Adding org/appcelerator/titanium/res/drawable/btn_check_buttonless_on_48.png
[DEBUG]  Adding org/appcelerator/titanium/res/drawable/btn_check_buttonless_on_64.png
[DEBUG]  Adding org/appcelerator/titanium/res/drawable/btn_more.png
[DEBUG]  Adding org/appcelerator/titanium/res/drawable/btn_more_100.png
[DEBUG]  Adding org/appcelerator/titanium/res/drawable/btn_more_18.png
[DEBUG]  Adding org/appcelerator/titanium/res/drawable/btn_more_48.png
[DEBUG]  Adding org/appcelerator/titanium/res/drawable/btn_more_64.png
[DEBUG]  Adding org/appcelerator/titanium/res/drawable/btn_picker_normal.9.png
[DEBUG]  Adding org/appcelerator/titanium/res/drawable/btn_picker_pressed.9.png
[DEBUG]  Adding org/appcelerator/titanium/res/drawable/btn_picker_selected.9.png
[DEBUG]  Adding org/appcelerator/titanium/res/drawable/default_icon.png
[DEBUG]  Adding org/appcelerator/titanium/res/drawable/photoDefault.png
[DEBUG]  Processing /home/hector/.titanium/mobilesdk/linux/5.3.1.GA/android/modules/titanium-app.jar
[DEBUG]  Processing /home/hector/.titanium/mobilesdk/linux/5.3.1.GA/android/modules/titanium-ui.jar
[DEBUG]  Deflating ti/modules/titanium/ui/widget/webview/binding.js
[DEBUG]  Deflating ti/modules/titanium/ui/widget/webview/binding.min.js
[DEBUG]  Deflating ti/modules/titanium/ui/widget/webview/json2.js
[DEBUG]  Deflating ti/modules/titanium/ui/widget/webview/polling.js
[DEBUG]  Deflating ti/modules/titanium/ui/widget/webview/polling.min.js
[DEBUG]  Processing /home/hector/.titanium/mobilesdk/linux/5.3.1.GA/android/nineoldandroids-appc-2.4.0.jar
[DEBUG]  Processing /home/hector/.titanium/mobilesdk/linux/5.3.1.GA/android/modules/titanium-filesystem.jar
[DEBUG]  Processing /home/hector/.titanium/mobilesdk/linux/5.3.1.GA/android/modules/titanium-media.jar
[DEBUG]  Processing /home/hector/.titanium/mobilesdk/linux/5.3.1.GA/android/modules/titanium-appcompat.jar
[DEBUG]  Processing /home/hector/.titanium/mobilesdk/linux/5.3.1.GA/android/android-support-v4.jar
[DEBUG]  Processing /home/hector/.titanium/mobilesdk/linux/5.3.1.GA/android/android-support-v7-appcompat.jar
[DEBUG]  Processing /home/hector/.titanium/mobilesdk/linux/5.3.1.GA/android/modules/titanium-cardview.jar
[DEBUG]  Processing /home/hector/.titanium/mobilesdk/linux/5.3.1.GA/android/cardview-v7-23.0.1.jar
[DEBUG]  Processing /home/hector/.titanium/mobilesdk/linux/5.3.1.GA/android/modules/titanium-locale.jar
[DEBUG]  Processing /home/hector/.titanium/mobilesdk/linux/5.3.1.GA/android/modules/titanium-network.jar
[DEBUG]  Processing /home/hector/.titanium/mobilesdk/linux/5.3.1.GA/android/modules/titanium-xml.jar
[DEBUG]  Adding classes.dex
[INFO]   Processing /home/hector/Escritorio/Appcelerator_Studio_Workspace/RSS Test/build/android/src
[DEBUG]  Adding lib/armeabi/libkroll-v8.so
[DEBUG]  Adding lib/armeabi/libstlport_shared.so
[DEBUG]  Adding lib/armeabi/libtiverify.so
[DEBUG]  Adding lib/armeabi-v7a/libkroll-v8.so
[DEBUG]  Adding lib/armeabi-v7a/libstlport_shared.so
[DEBUG]  Adding lib/armeabi-v7a/libtiverify.so
[DEBUG]  Adding lib/x86/libkroll-v8.so
[DEBUG]  Adding lib/x86/libstlport_shared.so
[DEBUG]  Adding lib/x86/libtiverify.so
[INFO]   Writing unsigned apk: /home/hector/Escritorio/Appcelerator_Studio_Workspace/RSS Test/build/android/bin/app-unsigned.apk
[INFO]   Using MD5withRSA signature algorithm
[INFO]   Signing apk: /usr/lib/jvm/java-7-oracle/bin/jarsigner "-sigalg" "MD5withRSA" "-digestalg" "SHA1" "-keystore" "/home/hector/.titanium/mobilesdk/linux/5.3.1.GA/android/dev_keystore" "-storepass" "*******" "-signedjar" "/home/hector/Escritorio/Appcelerator_Studio_Workspace/RSS Test/build/android/bin/RSS Test.apk" "/home/hector/Escritorio/Appcelerator_Studio_Workspace/RSS Test/build/android/bin/app-unsigned.apk" "tidev"
[INFO]   Aligning zip file: /home/hector/android-sdk-linux/build-tools/23.0.1/zipalign "-v" "4" "/home/hector/Escritorio/Appcelerator_Studio_Workspace/RSS Test/build/android/bin/RSS Test.apk" "/home/hector/Escritorio/Appcelerator_Studio_Workspace/RSS Test/build/android/bin/RSS Test.apkz"
[INFO]   Writing build manifest: /home/hector/Escritorio/Appcelerator_Studio_Workspace/RSS Test/build/android/build-manifest.json
[INFO]   Making sure the adb server is running
[INFO]   Installing apk: /home/hector/Escritorio/Appcelerator_Studio_Workspace/RSS Test/build/android/bin/RSS Test.apk
[INFO]   Installing app on device: MotoG3-TE
[TRACE]  Checking if package manager service is started
[TRACE]  Package manager has started
[TRACE]  Executing: /home/hector/android-sdk-linux/platform-tools/adb -s ZY222V6CL3 install -r /home/hector/Escritorio/Appcelerator_Studio_Workspace/RSS Test/build/android/bin/RSS Test.apk
[INFO]   App successfully installed
[INFO]   Starting app: mx.uam.izt.rsstest/.RssTestActivity
[DEBUG]  Trying to start the app...
[INFO]   Application pid: 29977
[INFO]   Project built successfully in 38s 442ms
